# JRE version: OpenJDK Runtime Environment (8.0_242-b01) (build 1.8.0_242-release-1644-b01)
# Java VM: OpenJDK 64-Bit Server VM (25.242-b01 mixed mode windows-amd64 compressed oops)
Heap:
 PSYoungGen      total 483328K, used 98274K [0x00000000d5580000, 0x00000000f6b80000, 0x0000000100000000)
  eden space 419840K, 12% used [0x00000000d5580000,0x00000000d8a82a70,0x00000000eef80000)
  from space 63488K, 69% used [0x00000000eef80000,0x00000000f1a75de0,0x00000000f2d80000)
  to   space 56832K, 0% used [0x00000000f3400000,0x00000000f3400000,0x00000000f6b80000)
 ParOldGen       total 272384K, used 184309K [0x0000000080000000, 0x0000000090a00000, 0x00000000d5580000)
  object space 272384K, 67% used [0x0000000080000000,0x000000008b3fd480,0x0000000090a00000)
 Metaspace       used 111906K, capacity 118656K, committed 119448K, reserved 1153024K
  class space    used 14722K, capacity 15938K, committed 16304K, reserved 1048576K
GC Heap History (10 events):
Event: 583.965 GC heap before
{Heap before GC invocations=23 (full 4):
 PSYoungGen      total 395264K, used 359703K [0x00000000d5580000, 0x00000000f2480000, 0x0000000100000000)
  eden space 337920K, 100% used [0x00000000d5580000,0x00000000e9f80000,0x00000000e9f80000)
  from space 57344K, 37% used [0x00000000eec80000,0x00000000f01c5f40,0x00000000f2480000)
  to   space 68096K, 0% used [0x00000000e9f80000,0x00000000e9f80000,0x00000000ee200000)
 ParOldGen       total 272384K, used 184269K [0x0000000080000000, 0x0000000090a00000, 0x00000000d5580000)
  object space 272384K, 67% used [0x0000000080000000,0x000000008b3f3480,0x0000000090a00000)
 Metaspace       used 95826K, capacity 101194K, committed 103704K, reserved 1138688K
  class space    used 12840K, capacity 13803K, committed 14640K, reserved 1048576K
Event: 584.614 GC heap after
Heap after GC invocations=23 (full 4):
 PSYoungGen      total 406016K, used 12251K [0x00000000d5580000, 0x00000000f5280000, 0x0000000100000000)
  eden space 337920K, 0% used [0x00000000d5580000,0x00000000d5580000,0x00000000e9f80000)
  from space 68096K, 17% used [0x00000000e9f80000,0x00000000eab76d30,0x00000000ee200000)
  to   space 66048K, 0% used [0x00000000f1200000,0x00000000f1200000,0x00000000f5280000)
 ParOldGen       total 272384K, used 184277K [0x0000000080000000, 0x0000000090a00000, 0x00000000d5580000)
  object space 272384K, 67% used [0x0000000080000000,0x000000008b3f5480,0x0000000090a00000)
 Metaspace       used 95826K, capacity 101194K, committed 103704K, reserved 1138688K
  class space    used 12840K, capacity 13803K, committed 14640K, reserved 1048576K
}
Event: 835.525 GC heap before
{Heap before GC invocations=24 (full 4):
 PSYoungGen      total 406016K, used 350171K [0x00000000d5580000, 0x00000000f5280000, 0x0000000100000000)
  eden space 337920K, 100% used [0x00000000d5580000,0x00000000e9f80000,0x00000000e9f80000)
  from space 68096K, 17% used [0x00000000e9f80000,0x00000000eab76d30,0x00000000ee200000)
  to   space 66048K, 0% used [0x00000000f1200000,0x00000000f1200000,0x00000000f5280000)
 ParOldGen       total 272384K, used 184277K [0x0000000080000000, 0x0000000090a00000, 0x00000000d5580000)
  object space 272384K, 67% used [0x0000000080000000,0x000000008b3f5480,0x0000000090a00000)
 Metaspace       used 102808K, capacity 108886K, committed 110232K, reserved 1144832K
  class space    used 13806K, capacity 14932K, committed 15536K, reserved 1048576K
Event: 835.999 GC heap after
Heap after GC invocations=24 (full 4):
 PSYoungGen      total 431616K, used 21145K [0x00000000d5580000, 0x00000000f4380000, 0x0000000100000000)
  eden space 380928K, 0% used [0x00000000d5580000,0x00000000d5580000,0x00000000ec980000)
  from space 50688K, 41% used [0x00000000f1200000,0x00000000f26a66d0,0x00000000f4380000)
  to   space 62464K, 0% used [0x00000000ec980000,0x00000000ec980000,0x00000000f0680000)
 ParOldGen       total 272384K, used 184285K [0x0000000080000000, 0x0000000090a00000, 0x00000000d5580000)
  object space 272384K, 67% used [0x0000000080000000,0x000000008b3f7480,0x0000000090a00000)
 Metaspace       used 102808K, capacity 108886K, committed 110232K, reserved 1144832K
  class space    used 13806K, capacity 14932K, committed 15536K, reserved 1048576K
}
Event: 858.695 GC heap before
{Heap before GC invocations=25 (full 4):
 PSYoungGen      total 431616K, used 402073K [0x00000000d5580000, 0x00000000f4380000, 0x0000000100000000)
  eden space 380928K, 100% used [0x00000000d5580000,0x00000000ec980000,0x00000000ec980000)
  from space 50688K, 41% used [0x00000000f1200000,0x00000000f26a66d0,0x00000000f4380000)
  to   space 62464K, 0% used [0x00000000ec980000,0x00000000ec980000,0x00000000f0680000)
 ParOldGen       total 272384K, used 184285K [0x0000000080000000, 0x0000000090a00000, 0x00000000d5580000)
  object space 272384K, 67% used [0x0000000080000000,0x000000008b3f7480,0x0000000090a00000)
 Metaspace       used 110166K, capacity 116650K, committed 117656K, reserved 1150976K
  class space    used 14672K, capacity 15885K, committed 16304K, reserved 1048576K
Event: 859.117 GC heap after
Heap after GC invocations=25 (full 4):
 PSYoungGen      total 443392K, used 33396K [0x00000000d5580000, 0x00000000f7080000, 0x0000000100000000)
  eden space 380928K, 0% used [0x00000000d5580000,0x00000000d5580000,0x00000000ec980000)
  from space 62464K, 53% used [0x00000000ec980000,0x00000000eea1d348,0x00000000f0680000)
  to   space 61952K, 0% used [0x00000000f3400000,0x00000000f3400000,0x00000000f7080000)
 ParOldGen       total 272384K, used 184293K [0x0000000080000000, 0x0000000090a00000, 0x00000000d5580000)
  object space 272384K, 67% used [0x0000000080000000,0x000000008b3f9480,0x0000000090a00000)
 Metaspace       used 110166K, capacity 116650K, committed 117656K, reserved 1150976K
  class space    used 14672K, capacity 15885K, committed 16304K, reserved 1048576K
}
Event: 1188.154 GC heap before
{Heap before GC invocations=26 (full 4):
 PSYoungGen      total 443392K, used 413859K [0x00000000d5580000, 0x00000000f7080000, 0x0000000100000000)
  eden space 380928K, 99% used [0x00000000d5580000,0x00000000ec90bb48,0x00000000ec980000)
  from space 62464K, 53% used [0x00000000ec980000,0x00000000eea1d348,0x00000000f0680000)
  to   space 61952K, 0% used [0x00000000f3400000,0x00000000f3400000,0x00000000f7080000)
 ParOldGen       total 272384K, used 184293K [0x0000000080000000, 0x0000000090a00000, 0x00000000d5580000)
  object space 272384K, 67% used [0x0000000080000000,0x000000008b3f9480,0x0000000090a00000)
 Metaspace       used 111065K, capacity 117704K, committed 118680K, reserved 1150976K
  class space    used 14703K, capacity 15912K, committed 16304K, reserved 1048576K
Event: 1188.387 GC heap after
Heap after GC invocations=26 (full 4):
 PSYoungGen      total 476672K, used 38841K [0x00000000d5580000, 0x00000000f6b80000, 0x0000000100000000)
  eden space 419840K, 0% used [0x00000000d5580000,0x00000000d5580000,0x00000000eef80000)
  from space 56832K, 68% used [0x00000000f3400000,0x00000000f59ee638,0x00000000f6b80000)
  to   space 63488K, 0% used [0x00000000eef80000,0x00000000eef80000,0x00000000f2d80000)
 ParOldGen       total 272384K, used 184301K [0x0000000080000000, 0x0000000090a00000, 0x00000000d5580000)
  object space 272384K, 67% used [0x0000000080000000,0x000000008b3fb480,0x0000000090a00000)
 Metaspace       used 111065K, capacity 117704K, committed 118680K, reserved 1150976K
  class space    used 14703K, capacity 15912K, committed 16304K, reserved 1048576K
}
Event: 1206.737 GC heap before
{Heap before GC invocations=27 (full 4):
 PSYoungGen      total 476672K, used 458681K [0x00000000d5580000, 0x00000000f6b80000, 0x0000000100000000)
  eden space 419840K, 100% used [0x00000000d5580000,0x00000000eef80000,0x00000000eef80000)
  from space 56832K, 68% used [0x00000000f3400000,0x00000000f59ee638,0x00000000f6b80000)
  to   space 63488K, 0% used [0x00000000eef80000,0x00000000eef80000,0x00000000f2d80000)
 ParOldGen       total 272384K, used 184301K [0x0000000080000000, 0x0000000090a00000, 0x00000000d5580000)
  object space 272384K, 67% used [0x0000000080000000,0x000000008b3fb480,0x0000000090a00000)
 Metaspace       used 111688K, capacity 118384K, committed 119192K, reserved 1153024K
  class space    used 14722K, capacity 15938K, committed 16304K, reserved 1048576K
Event: 1207.280 GC heap after
Heap after GC invocations=27 (full 4):
 PSYoungGen      total 483328K, used 43991K [0x00000000d5580000, 0x00000000f6b80000, 0x0000000100000000)
  eden space 419840K, 0% used [0x00000000d5580000,0x00000000d5580000,0x00000000eef80000)
  from space 63488K, 69% used [0x00000000eef80000,0x00000000f1a75de0,0x00000000f2d80000)
  to   space 56832K, 0% used [0x00000000f3400000,0x00000000f3400000,0x00000000f6b80000)
 ParOldGen       total 272384K, used 184309K [0x0000000080000000, 0x0000000090a00000, 0x00000000d5580000)
  object space 272384K, 67% used [0x0000000080000000,0x000000008b3fd480,0x0000000090a00000)
 Metaspace       used 111688K, capacity 118384K, committed 119192K, reserved 1153024K
  class space    used 14722K, capacity 15938K, committed 16304K, reserved 1048576K
}

