# JRE version: OpenJDK Runtime Environment (8.0_242-b01) (build 1.8.0_242-release-1644-b01)
# Java VM: OpenJDK 64-Bit Server VM (25.242-b01 mixed mode windows-amd64 compressed oops)
Heap:
 PSYoungGen      total 574976K, used 38509K [0x00000000d5580000, 0x00000000fff00000, 0x0000000100000000)
  eden space 461312K, 6% used [0x00000000d5580000,0x00000000d70bb2a0,0x00000000f1800000)
  from space 113664K, 9% used [0x00000000f1800000,0x00000000f2260178,0x00000000f8700000)
  to   space 109568K, 0% used [0x00000000f9400000,0x00000000f9400000,0x00000000fff00000)
 ParOldGen       total 487936K, used 277029K [0x0000000080000000, 0x000000009dc80000, 0x00000000d5580000)
  object space 487936K, 56% used [0x0000000080000000,0x0000000090e89760,0x000000009dc80000)
 Metaspace       used 98262K, capacity 103830K, committed 107800K, reserved 1142784K
  class space    used 12622K, capacity 13631K, committed 14640K, reserved 1048576K
GC Heap History (10 events):
Event: 420.934 GC heap before
{Heap before GC invocations=58 (full 8):
 PSYoungGen      total 532992K, used 440832K [0x00000000d5580000, 0x0000000100000000, 0x0000000100000000)
  eden space 440832K, 100% used [0x00000000d5580000,0x00000000f0400000,0x00000000f0400000)
  from space 92160K, 0% used [0x00000000fa600000,0x00000000fa600000,0x0000000100000000)
  to   space 129024K, 0% used [0x00000000f0400000,0x00000000f0400000,0x00000000f8200000)
 ParOldGen       total 487936K, used 272055K [0x0000000080000000, 0x000000009dc80000, 0x00000000d5580000)
  object space 487936K, 55% used [0x0000000080000000,0x00000000909ade10,0x000000009dc80000)
 Metaspace       used 96533K, capacity 101482K, committed 106520K, reserved 1140736K
  class space    used 12506K, capacity 13367K, committed 14640K, reserved 1048576K
Event: 421.537 GC heap after
Heap after GC invocations=58 (full 8):
 PSYoungGen      total 569856K, used 30517K [0x00000000d5580000, 0x0000000100000000, 0x0000000100000000)
  eden space 440832K, 0% used [0x00000000d5580000,0x00000000d5580000,0x00000000f0400000)
  from space 129024K, 23% used [0x00000000f0400000,0x00000000f21cd650,0x00000000f8200000)
  to   space 122880K, 0% used [0x00000000f8800000,0x00000000f8800000,0x0000000100000000)
 ParOldGen       total 487936K, used 272063K [0x0000000080000000, 0x000000009dc80000, 0x00000000d5580000)
  object space 487936K, 55% used [0x0000000080000000,0x00000000909afe10,0x000000009dc80000)
 Metaspace       used 96533K, capacity 101482K, committed 106520K, reserved 1140736K
  class space    used 12506K, capacity 13367K, committed 14640K, reserved 1048576K
}
Event: 544.428 GC heap before
{Heap before GC invocations=59 (full 8):
 PSYoungGen      total 569856K, used 471349K [0x00000000d5580000, 0x0000000100000000, 0x0000000100000000)
  eden space 440832K, 100% used [0x00000000d5580000,0x00000000f0400000,0x00000000f0400000)
  from space 129024K, 23% used [0x00000000f0400000,0x00000000f21cd650,0x00000000f8200000)
  to   space 122880K, 0% used [0x00000000f8800000,0x00000000f8800000,0x0000000100000000)
 ParOldGen       total 487936K, used 272063K [0x0000000080000000, 0x000000009dc80000, 0x00000000d5580000)
  object space 487936K, 55% used [0x0000000080000000,0x00000000909afe10,0x000000009dc80000)
 Metaspace       used 96884K, capacity 101966K, committed 106776K, reserved 1140736K
  class space    used 12527K, capacity 13403K, committed 14640K, reserved 1048576K
Event: 544.505 GC heap after
Heap after GC invocations=59 (full 8):
 PSYoungGen      total 559616K, used 10736K [0x00000000d5580000, 0x00000000ff600000, 0x0000000100000000)
  eden space 446976K, 0% used [0x00000000d5580000,0x00000000d5580000,0x00000000f0a00000)
  from space 112640K, 9% used [0x00000000f8800000,0x00000000f927c178,0x00000000ff600000)
  to   space 120832K, 0% used [0x00000000f0a00000,0x00000000f0a00000,0x00000000f8000000)
 ParOldGen       total 487936K, used 274797K [0x0000000080000000, 0x000000009dc80000, 0x00000000d5580000)
  object space 487936K, 56% used [0x0000000080000000,0x0000000090c5b5a8,0x000000009dc80000)
 Metaspace       used 96884K, capacity 101966K, committed 106776K, reserved 1140736K
  class space    used 12527K, capacity 13403K, committed 14640K, reserved 1048576K
}
Event: 684.753 GC heap before
{Heap before GC invocations=60 (full 8):
 PSYoungGen      total 559616K, used 457712K [0x00000000d5580000, 0x00000000ff600000, 0x0000000100000000)
  eden space 446976K, 100% used [0x00000000d5580000,0x00000000f0a00000,0x00000000f0a00000)
  from space 112640K, 9% used [0x00000000f8800000,0x00000000f927c178,0x00000000ff600000)
  to   space 120832K, 0% used [0x00000000f0a00000,0x00000000f0a00000,0x00000000f8000000)
 ParOldGen       total 487936K, used 274797K [0x0000000080000000, 0x000000009dc80000, 0x00000000d5580000)
  object space 487936K, 56% used [0x0000000080000000,0x0000000090c5b5a8,0x000000009dc80000)
 Metaspace       used 97232K, capacity 102364K, committed 107032K, reserved 1142784K
  class space    used 12546K, capacity 13436K, committed 14640K, reserved 1048576K
Event: 684.872 GC heap after
Heap after GC invocations=60 (full 8):
 PSYoungGen      total 567808K, used 17339K [0x00000000d5580000, 0x0000000100000000, 0x0000000100000000)
  eden space 446976K, 0% used [0x00000000d5580000,0x00000000d5580000,0x00000000f0a00000)
  from space 120832K, 14% used [0x00000000f0a00000,0x00000000f1aeed58,0x00000000f8000000)
  to   space 116736K, 0% used [0x00000000f8e00000,0x00000000f8e00000,0x0000000100000000)
 ParOldGen       total 487936K, used 275474K [0x0000000080000000, 0x000000009dc80000, 0x00000000d5580000)
  object space 487936K, 56% used [0x0000000080000000,0x0000000090d04bb8,0x000000009dc80000)
 Metaspace       used 97232K, capacity 102364K, committed 107032K, reserved 1142784K
  class space    used 12546K, capacity 13436K, committed 14640K, reserved 1048576K
}
Event: 780.824 GC heap before
{Heap before GC invocations=61 (full 8):
 PSYoungGen      total 567808K, used 464304K [0x00000000d5580000, 0x0000000100000000, 0x0000000100000000)
  eden space 446976K, 99% used [0x00000000d5580000,0x00000000f09fd330,0x00000000f0a00000)
  from space 120832K, 14% used [0x00000000f0a00000,0x00000000f1aeed58,0x00000000f8000000)
  to   space 116736K, 0% used [0x00000000f8e00000,0x00000000f8e00000,0x0000000100000000)
 ParOldGen       total 487936K, used 275474K [0x0000000080000000, 0x000000009dc80000, 0x00000000d5580000)
  object space 487936K, 56% used [0x0000000080000000,0x0000000090d04bb8,0x000000009dc80000)
 Metaspace       used 97640K, capacity 103058K, committed 107288K, reserved 1142784K
  class space    used 12583K, capacity 13535K, committed 14640K, reserved 1048576K
Event: 780.933 GC heap after
Heap after GC invocations=61 (full 8):
 PSYoungGen      total 567808K, used 10736K [0x00000000d5580000, 0x00000000ff600000, 0x0000000100000000)
  eden space 461312K, 0% used [0x00000000d5580000,0x00000000d5580000,0x00000000f1800000)
  from space 106496K, 10% used [0x00000000f8e00000,0x00000000f987c1a8,0x00000000ff600000)
  to   space 113664K, 0% used [0x00000000f1800000,0x00000000f1800000,0x00000000f8700000)
 ParOldGen       total 487936K, used 276224K [0x0000000080000000, 0x000000009dc80000, 0x00000000d5580000)
  object space 487936K, 56% used [0x0000000080000000,0x0000000090dc0028,0x000000009dc80000)
 Metaspace       used 97640K, capacity 103058K, committed 107288K, reserved 1142784K
  class space    used 12583K, capacity 13535K, committed 14640K, reserved 1048576K
}
Event: 3993.855 GC heap before
{Heap before GC invocations=62 (full 8):
 PSYoungGen      total 567808K, used 472048K [0x00000000d5580000, 0x00000000ff600000, 0x0000000100000000)
  eden space 461312K, 100% used [0x00000000d5580000,0x00000000f1800000,0x00000000f1800000)
  from space 106496K, 10% used [0x00000000f8e00000,0x00000000f987c1a8,0x00000000ff600000)
  to   space 113664K, 0% used [0x00000000f1800000,0x00000000f1800000,0x00000000f8700000)
 ParOldGen       total 487936K, used 276224K [0x0000000080000000, 0x000000009dc80000, 0x00000000d5580000)
  object space 487936K, 56% used [0x0000000080000000,0x0000000090dc0028,0x000000009dc80000)
 Metaspace       used 98253K, capacity 103824K, committed 107800K, reserved 1142784K
  class space    used 12622K, capacity 13630K, committed 14640K, reserved 1048576K
Event: 3994.492 GC heap after
Heap after GC invocations=62 (full 8):
 PSYoungGen      total 574976K, used 10624K [0x00000000d5580000, 0x00000000fff00000, 0x0000000100000000)
  eden space 461312K, 0% used [0x00000000d5580000,0x00000000d5580000,0x00000000f1800000)
  from space 113664K, 9% used [0x00000000f1800000,0x00000000f2260178,0x00000000f8700000)
  to   space 109568K, 0% used [0x00000000f9400000,0x00000000f9400000,0x00000000fff00000)
 ParOldGen       total 487936K, used 277029K [0x0000000080000000, 0x000000009dc80000, 0x00000000d5580000)
  object space 487936K, 56% used [0x0000000080000000,0x0000000090e89760,0x000000009dc80000)
 Metaspace       used 98253K, capacity 103824K, committed 107800K, reserved 1142784K
  class space    used 12622K, capacity 13630K, committed 14640K, reserved 1048576K
}

