# JRE version: OpenJDK Runtime Environment (8.0_242-b01) (build 1.8.0_242-release-1644-b01)
# Java VM: OpenJDK 64-Bit Server VM (25.242-b01 mixed mode windows-amd64 compressed oops)
Heap:
 PSYoungGen      total 620032K, used 566636K [0x00000000d5580000, 0x00000000ffd00000, 0x0000000100000000)
  eden space 549376K, 96% used [0x00000000d5580000,0x00000000f5d89c10,0x00000000f6e00000)
  from space 70656K, 48% used [0x00000000fb300000,0x00000000fd451640,0x00000000ff800000)
  to   space 70656K, 0% used [0x00000000f6e00000,0x00000000f6e00000,0x00000000fb300000)
 ParOldGen       total 462336K, used 437681K [0x0000000080000000, 0x000000009c380000, 0x00000000d5580000)
  object space 462336K, 94% used [0x0000000080000000,0x000000009ab6c5c8,0x000000009c380000)
 Metaspace       used 127610K, capacity 136440K, committed 136472K, reserved 1167360K
  class space    used 16314K, capacity 17945K, committed 17960K, reserved 1048576K
GC Heap History (10 events):
Event: 7777.195 GC heap before
{Heap before GC invocations=73 (full 7):
 PSYoungGen      total 580096K, used 491577K [0x00000000d5580000, 0x00000000ff580000, 0x0000000100000000)
  eden space 485376K, 100% used [0x00000000d5580000,0x00000000f2f80000,0x00000000f2f80000)
  from space 94720K, 6% used [0x00000000f2f80000,0x00000000f358e520,0x00000000f8c00000)
  to   space 90624K, 0% used [0x00000000f9d00000,0x00000000f9d00000,0x00000000ff580000)
 ParOldGen       total 462336K, used 401136K [0x0000000080000000, 0x000000009c380000, 0x00000000d5580000)
  object space 462336K, 86% used [0x0000000080000000,0x00000000987bc258,0x000000009c380000)
 Metaspace       used 127469K, capacity 136202K, committed 136472K, reserved 1167360K
  class space    used 16311K, capacity 17912K, committed 17960K, reserved 1048576K
Event: 7777.309 GC heap after
Heap after GC invocations=73 (full 7):
 PSYoungGen      total 597504K, used 20385K [0x00000000d5580000, 0x00000000fef00000, 0x0000000100000000)
  eden space 513536K, 0% used [0x00000000d5580000,0x00000000d5580000,0x00000000f4b00000)
  from space 83968K, 24% used [0x00000000f9d00000,0x00000000fb0e85a8,0x00000000fef00000)
  to   space 83968K, 0% used [0x00000000f4b00000,0x00000000f4b00000,0x00000000f9d00000)
 ParOldGen       total 462336K, used 405237K [0x0000000080000000, 0x000000009c380000, 0x00000000d5580000)
  object space 462336K, 87% used [0x0000000080000000,0x0000000098bbd7a8,0x000000009c380000)
 Metaspace       used 127469K, capacity 136202K, committed 136472K, reserved 1167360K
  class space    used 16311K, capacity 17912K, committed 17960K, reserved 1048576K
}
Event: 7778.768 GC heap before
{Heap before GC invocations=74 (full 7):
 PSYoungGen      total 597504K, used 533921K [0x00000000d5580000, 0x00000000fef00000, 0x0000000100000000)
  eden space 513536K, 100% used [0x00000000d5580000,0x00000000f4b00000,0x00000000f4b00000)
  from space 83968K, 24% used [0x00000000f9d00000,0x00000000fb0e85a8,0x00000000fef00000)
  to   space 83968K, 0% used [0x00000000f4b00000,0x00000000f4b00000,0x00000000f9d00000)
 ParOldGen       total 462336K, used 405237K [0x0000000080000000, 0x000000009c380000, 0x00000000d5580000)
  object space 462336K, 87% used [0x0000000080000000,0x0000000098bbd7a8,0x000000009c380000)
 Metaspace       used 127490K, capacity 136270K, committed 136472K, reserved 1167360K
  class space    used 16311K, capacity 17912K, committed 17960K, reserved 1048576K
Event: 7778.933 GC heap after
Heap after GC invocations=74 (full 7):
 PSYoungGen      total 597504K, used 22285K [0x00000000d5580000, 0x00000000ff400000, 0x0000000100000000)
  eden space 513536K, 0% used [0x00000000d5580000,0x00000000d5580000,0x00000000f4b00000)
  from space 83968K, 26% used [0x00000000f4b00000,0x00000000f60c37e8,0x00000000f9d00000)
  to   space 77824K, 0% used [0x00000000fa800000,0x00000000fa800000,0x00000000ff400000)
 ParOldGen       total 462336K, used 412012K [0x0000000080000000, 0x000000009c380000, 0x00000000d5580000)
  object space 462336K, 89% used [0x0000000080000000,0x000000009925b2e8,0x000000009c380000)
 Metaspace       used 127490K, capacity 136270K, committed 136472K, reserved 1167360K
  class space    used 16311K, capacity 17912K, committed 17960K, reserved 1048576K
}
Event: 7780.413 GC heap before
{Heap before GC invocations=75 (full 7):
 PSYoungGen      total 597504K, used 535821K [0x00000000d5580000, 0x00000000ff400000, 0x0000000100000000)
  eden space 513536K, 100% used [0x00000000d5580000,0x00000000f4b00000,0x00000000f4b00000)
  from space 83968K, 26% used [0x00000000f4b00000,0x00000000f60c37e8,0x00000000f9d00000)
  to   space 77824K, 0% used [0x00000000fa800000,0x00000000fa800000,0x00000000ff400000)
 ParOldGen       total 462336K, used 412012K [0x0000000080000000, 0x000000009c380000, 0x00000000d5580000)
  object space 462336K, 89% used [0x0000000080000000,0x000000009925b2e8,0x000000009c380000)
 Metaspace       used 127506K, capacity 136338K, committed 136472K, reserved 1167360K
  class space    used 16311K, capacity 17912K, committed 17960K, reserved 1048576K
Event: 7780.525 GC heap after
Heap after GC invocations=75 (full 7):
 PSYoungGen      total 610816K, used 24750K [0x00000000d5580000, 0x00000000ff200000, 0x0000000100000000)
  eden space 535040K, 0% used [0x00000000d5580000,0x00000000d5580000,0x00000000f6000000)
  from space 75776K, 32% used [0x00000000fa800000,0x00000000fc02b980,0x00000000ff200000)
  to   space 73728K, 0% used [0x00000000f6000000,0x00000000f6000000,0x00000000fa800000)
 ParOldGen       total 462336K, used 424136K [0x0000000080000000, 0x000000009c380000, 0x00000000d5580000)
  object space 462336K, 91% used [0x0000000080000000,0x0000000099e323d0,0x000000009c380000)
 Metaspace       used 127506K, capacity 136338K, committed 136472K, reserved 1167360K
  class space    used 16311K, capacity 17912K, committed 17960K, reserved 1048576K
}
Event: 7782.724 GC heap before
{Heap before GC invocations=76 (full 7):
 PSYoungGen      total 610816K, used 559790K [0x00000000d5580000, 0x00000000ff200000, 0x0000000100000000)
  eden space 535040K, 100% used [0x00000000d5580000,0x00000000f6000000,0x00000000f6000000)
  from space 75776K, 32% used [0x00000000fa800000,0x00000000fc02b980,0x00000000ff200000)
  to   space 73728K, 0% used [0x00000000f6000000,0x00000000f6000000,0x00000000fa800000)
 ParOldGen       total 462336K, used 424136K [0x0000000080000000, 0x000000009c380000, 0x00000000d5580000)
  object space 462336K, 91% used [0x0000000080000000,0x0000000099e323d0,0x000000009c380000)
 Metaspace       used 127516K, capacity 136370K, committed 136472K, reserved 1167360K
  class space    used 16313K, capacity 17944K, committed 17960K, reserved 1048576K
Event: 7782.756 GC heap after
Heap after GC invocations=76 (full 7):
 PSYoungGen      total 608768K, used 8444K [0x00000000d5580000, 0x00000000ff800000, 0x0000000100000000)
  eden space 535040K, 0% used [0x00000000d5580000,0x00000000d5580000,0x00000000f6000000)
  from space 73728K, 11% used [0x00000000f6000000,0x00000000f683f2b8,0x00000000fa800000)
  to   space 70656K, 0% used [0x00000000fb300000,0x00000000fb300000,0x00000000ff800000)
 ParOldGen       total 462336K, used 437673K [0x0000000080000000, 0x000000009c380000, 0x00000000d5580000)
  object space 462336K, 94% used [0x0000000080000000,0x000000009ab6a5c8,0x000000009c380000)
 Metaspace       used 127516K, capacity 136370K, committed 136472K, reserved 1167360K
  class space    used 16313K, capacity 17944K, committed 17960K, reserved 1048576K
}
Event: 7785.166 GC heap before
{Heap before GC invocations=77 (full 7):
 PSYoungGen      total 608768K, used 543484K [0x00000000d5580000, 0x00000000ff800000, 0x0000000100000000)
  eden space 535040K, 100% used [0x00000000d5580000,0x00000000f6000000,0x00000000f6000000)
  from space 73728K, 11% used [0x00000000f6000000,0x00000000f683f2b8,0x00000000fa800000)
  to   space 70656K, 0% used [0x00000000fb300000,0x00000000fb300000,0x00000000ff800000)
 ParOldGen       total 462336K, used 437673K [0x0000000080000000, 0x000000009c380000, 0x00000000d5580000)
  object space 462336K, 94% used [0x0000000080000000,0x000000009ab6a5c8,0x000000009c380000)
 Metaspace       used 127579K, capacity 136434K, committed 136472K, reserved 1167360K
  class space    used 16314K, capacity 17944K, committed 17960K, reserved 1048576K
Event: 7785.338 GC heap after
Heap after GC invocations=77 (full 7):
 PSYoungGen      total 620032K, used 34117K [0x00000000d5580000, 0x00000000ffd00000, 0x0000000100000000)
  eden space 549376K, 0% used [0x00000000d5580000,0x00000000d5580000,0x00000000f6e00000)
  from space 70656K, 48% used [0x00000000fb300000,0x00000000fd451640,0x00000000ff800000)
  to   space 70656K, 0% used [0x00000000f6e00000,0x00000000f6e00000,0x00000000fb300000)
 ParOldGen       total 462336K, used 437681K [0x0000000080000000, 0x000000009c380000, 0x00000000d5580000)
  object space 462336K, 94% used [0x0000000080000000,0x000000009ab6c5c8,0x000000009c380000)
 Metaspace       used 127579K, capacity 136434K, committed 136472K, reserved 1167360K
  class space    used 16314K, capacity 17944K, committed 17960K, reserved 1048576K
}

